<?xml version="1.0" encoding="UTF-8"?>
<testsuite xmlns:xsi="http://www.w3.org/2001/XMLSchema-instance" xsi:noNamespaceSchemaLocation="https://maven.apache.org/surefire/maven-surefire-plugin/xsd/surefire-test-report-3.0.xsd" version="3.0" name="com.ramyakata.persist.dao.TestCustomerJdbc" time="0.23" tests="8" errors="0" skipped="0" failures="0">
  <properties>
[...]
</properties>
  <testcase name="testCreateTable" classname="com.ramyakata.persist.dao.TestCustomerJdbc" time="0.002">
    <system-out><![CDATA[student_example
testing Create Table
Connected to database
testing Create TableError while creating the tableTable 'student_example' already exists
]]></system-out>
  </testcase>
  <testcase name="testUpdateTable" classname="com.ramyakata.persist.dao.TestCustomerJdbc" time="0.003">
    <system-out><![CDATA[student_example
Connected to database
Table: customer
Table: customers
Table: employees
Table: student
Table: student_example
CurrentTable:CustomerDetails
UPDATE CustomerDetails SET LAST_NAME = 'kata' WHERE ID = 101
testing Insert TableError while updating the tableTable 'student_example.customerdetails' doesn't exist
]]></system-out>
  </testcase>
  <testcase name="testDeleteTable" classname="com.ramyakata.persist.dao.TestCustomerJdbc" time="0.029">
    <system-out><![CDATA[student_example
Connected to database
Table: customer
Table: customers
Table: employees
Table: student
Table: student_example
Deletion Of table: Error while deleting tableUnknown table 'student_example.customerdetails'
]]></system-out>
  </testcase>
  <testcase name="testViewTables" classname="com.ramyakata.persist.dao.TestCustomerJdbc" time="0.035">
    <system-out><![CDATA[student_example
testing viewTables
Connected to database
Table: customer
Table: customers
Table: employees
Table: student
Table: student_example
Connection closed.
]]></system-out>
  </testcase>
  <testcase name="testReadTableStringInt" classname="com.ramyakata.persist.dao.TestCustomerJdbc" time="0.052">
    <system-out><![CDATA[student_example
testing Inserting Table
Connected to database
Table: customer
Table: customers
Table: employees
Table: student
Table: student_example
CurrentTable:CustomerDetails
testing Insert TableError while printing the selected from the tableTable 'student_example.customerdetails' doesn't exist
]]></system-out>
  </testcase>
  <testcase name="testReadTableString" classname="com.ramyakata.persist.dao.TestCustomerJdbc" time="0.032">
    <system-out><![CDATA[student_example
testing Inserting Table
Connected to database
Table: customer
Table: customers
Table: employees
Table: student
Table: student_example
CurrentTable:CustomerDetails
Select * from CustomerDetails
testing Insert TableError while printing all the available values from the tableTable 'student_example.customerdetails' doesn't exist
]]></system-out>
  </testcase>
  <testcase name="testInsert" classname="com.ramyakata.persist.dao.TestCustomerJdbc" time="0.037">
    <system-out><![CDATA[student_example
testing Inserting Table
Connected to database
Table: customer
Table: customers
Table: employees
Table: student
Table: student_example
testing Insert TableError while inserting data: Table 'student_example.customerdetails' doesn't exist
]]></system-out>
  </testcase>
  <testcase name="testRemove" classname="com.ramyakata.persist.dao.TestCustomerJdbc" time="0.037">
    <system-out><![CDATA[student_example
Connected to database
Table: customer
Table: customers
Table: employees
Table: student
Table: student_example
CurrentTable:CustomerDetails
testing Insert TableError while removing values from the tableTable 'student_example.customerdetails' doesn't exist
]]></system-out>
  </testcase>
</testsuite>